<?xml version="1.0" encoding="UTF-8"?>
<!-- Generated by org.testng.reporters.JUnitReportReporter -->
<testsuite hostname="LAPTOP-B1G34OH1" failures="0" tests="1" name="TestNG.Audi" time="5.850" errors="0" timestamp="2026-03-17T16:56:12 IST" skipped="0">
  <testcase classname="TestNG.Audi" name="launch" time="5.850">
    <system-out>
      <![CDATA[cfgvbhj]]>
    </system-out>
  </testcase> <!-- launch -->
  <system-out>
    <![CDATA[cfgvbhj
cfgvbhj
cfgvbhj]]>
  </system-out>
</testsuite> <!-- TestNG.Audi -->
