<?xml version="1.0" encoding="UTF-8"?>
<!-- Generated by org.testng.reporters.JUnitReportReporter -->
<testsuite hostname="LAPTOP-B1G34OH1" failures="0" tests="2" name="TestNG.ConfigurationAnnotations" time="0.008" errors="0" timestamp="2026-03-18T16:03:34 IST" skipped="0">
  <testcase classname="TestNG.ConfigurationAnnotations" name="demo" time="0.006">
    <system-out>
      <![CDATA[test script is executed]]>
    </system-out>
  </testcase> <!-- demo -->
  <testcase classname="TestNG.ConfigurationAnnotations" name="demo1" time="0.002">
    <system-out>
      <![CDATA[test script is executed]]>
    </system-out>
  </testcase> <!-- demo1 -->
  <system-out>
    <![CDATA[before suite is executed
before test is executed
before class is executed
before method is executed
test script is executed
after method is executed
before method is executed
test script is executed
after method is executed
after class is executed
after test is executed
after suite is executed]]>
  </system-out>
</testsuite> <!-- TestNG.ConfigurationAnnotations -->
