<?xml version="1.0" encoding="UTF-8"?>
<testng-results ignored="0" total="1" passed="1" failed="0" skipped="0">
  <reporter-output>
  </reporter-output>
  <suite started-at="2026-03-23T07:03:13 IST" name="Default suite" finished-at="2026-03-23T07:03:35 IST" duration-ms="21807">
    <groups>
    </groups>
    <test started-at="2026-03-23T07:03:13 IST" name="Default test" finished-at="2026-03-23T07:03:35 IST" duration-ms="21807">
      <class name="TestNG1MINIPROJECT.testscript2">
        <test-method is-config="true" signature="openbrowser()[pri:0, instance:TestNG1MINIPROJECT.testscript2@694abbdc]" started-at="2026-03-23T07:03:13 IST" name="openbrowser" finished-at="2026-03-23T07:03:19 IST" duration-ms="5986" status="PASS">
          <reporter-output>
          </reporter-output>
        </test-method> <!-- openbrowser -->
        <test-method is-config="true" signature="login()[pri:0, instance:TestNG1MINIPROJECT.testscript2@694abbdc]" started-at="2026-03-23T07:03:19 IST" name="login" finished-at="2026-03-23T07:03:21 IST" duration-ms="1764" status="PASS">
          <reporter-output>
          </reporter-output>
        </test-method> <!-- login -->
        <test-method signature="Pom0()[pri:0, instance:TestNG1MINIPROJECT.testscript2@694abbdc]" started-at="2026-03-23T07:03:21 IST" name="Pom0" finished-at="2026-03-23T07:03:35 IST" duration-ms="14015" status="PASS">
          <reporter-output>
          </reporter-output>
        </test-method> <!-- Pom0 -->
      </class> <!-- TestNG1MINIPROJECT.testscript2 -->
    </test> <!-- Default test -->
  </suite> <!-- Default suite -->
</testng-results>
